\BOOKMARK [0][-]{chapter.1}{\376\377\0001\000\040\000H\000i\000e\000r\000a\000r\000c\000h\000i\000e\000-\000V\000e\000r\000z\000e\000i\000c\000h\000n\000i\000s}{}% 1
\BOOKMARK [1][-]{section.1.1}{\376\377\0001\000.\0001\000\040\000K\000l\000a\000s\000s\000e\000n\000h\000i\000e\000r\000a\000r\000c\000h\000i\000e}{chapter.1}% 2
\BOOKMARK [0][-]{chapter.2}{\376\377\0002\000\040\000K\000l\000a\000s\000s\000e\000n\000-\000V\000e\000r\000z\000e\000i\000c\000h\000n\000i\000s}{}% 3
\BOOKMARK [1][-]{section.2.1}{\376\377\0002\000.\0001\000\040\000A\000u\000f\000l\000i\000s\000t\000u\000n\000g\000\040\000d\000e\000r\000\040\000K\000l\000a\000s\000s\000e\000n}{chapter.2}% 4
\BOOKMARK [0][-]{chapter.3}{\376\377\0003\000\040\000K\000l\000a\000s\000s\000e\000n\000-\000D\000o\000k\000u\000m\000e\000n\000t\000a\000t\000i\000o\000n}{}% 5
\BOOKMARK [1][-]{section.3.1}{\376\377\0003\000.\0001\000\040\000A\000n\000k\000u\000n\000f\000t\000P\000a\000t\000i\000e\000n\000t\000R\000o\000u\000t\000i\000n\000e\000\040\000K\000l\000a\000s\000s\000e\000n\000r\000e\000f\000e\000r\000e\000n\000z}{chapter.3}% 6
\BOOKMARK [2][-]{subsection.3.1.1}{\376\377\0003\000.\0001\000.\0001\000\040\000A\000u\000s\000f\000\374\000h\000r\000l\000i\000c\000h\000e\000\040\000B\000e\000s\000c\000h\000r\000e\000i\000b\000u\000n\000g}{section.3.1}% 7
\BOOKMARK [2][-]{subsection.3.1.2}{\376\377\0003\000.\0001\000.\0002\000\040\000B\000e\000s\000c\000h\000r\000e\000i\000b\000u\000n\000g\000\040\000d\000e\000r\000\040\000K\000o\000n\000s\000t\000r\000u\000k\000t\000o\000r\000e\000n\000\040\000u\000n\000d\000\040\000D\000e\000s\000t\000r\000u\000k\000t\000o\000r\000e\000n}{section.3.1}% 8
\BOOKMARK [3][-]{subsubsection.3.1.2.1}{\376\377\0003\000.\0001\000.\0002\000.\0001\000\040\000A\000n\000k\000u\000n\000f\000t\000P\000a\000t\000i\000e\000n\000t\000R\000o\000u\000t\000i\000n\000e\000\050\000N\000o\000t\000a\000r\000z\000t\000\040\000*\000a\000r\000z\000t\000,\000\040\000E\000v\000e\000n\000t\000L\000i\000s\000t\000\040\000*\000e\000L\000i\000s\000t\000,\000\040\000N\000o\000t\000f\000a\000l\000l\000W\000a\000r\000t\000e\000s\000c\000h\000l\000a\000n\000g\000e\000\040\000*\000w\000a\000r\000t\000e\000s\000c\000h\000l\000a\000n\000g\000e\000\051}{subsection.3.1.2}% 9
\BOOKMARK [2][-]{subsection.3.1.3}{\376\377\0003\000.\0001\000.\0003\000\040\000D\000o\000k\000u\000m\000e\000n\000t\000a\000t\000i\000o\000n\000\040\000d\000e\000r\000\040\000E\000l\000e\000m\000e\000n\000t\000f\000u\000n\000k\000t\000i\000o\000n\000e\000n}{section.3.1}% 10
\BOOKMARK [3][-]{subsubsection.3.1.3.1}{\376\377\0003\000.\0001\000.\0003\000.\0001\000\040\000e\000x\000e\000c\000u\000t\000e\000\050\000E\000v\000e\000n\000t\000\040\000*\000e\000v\000e\000n\000t\000\051}{subsection.3.1.3}% 11
\BOOKMARK [1][-]{section.3.2}{\376\377\0003\000.\0002\000\040\000A\000n\000k\000u\000n\000f\000t\000Z\000e\000n\000t\000r\000a\000l\000e\000R\000o\000u\000t\000i\000n\000e\000\040\000K\000l\000a\000s\000s\000e\000n\000r\000e\000f\000e\000r\000e\000n\000z}{chapter.3}% 12
\BOOKMARK [2][-]{subsection.3.2.1}{\376\377\0003\000.\0002\000.\0001\000\040\000A\000u\000s\000f\000\374\000h\000r\000l\000i\000c\000h\000e\000\040\000B\000e\000s\000c\000h\000r\000e\000i\000b\000u\000n\000g}{section.3.2}% 13
\BOOKMARK [2][-]{subsection.3.2.2}{\376\377\0003\000.\0002\000.\0002\000\040\000B\000e\000s\000c\000h\000r\000e\000i\000b\000u\000n\000g\000\040\000d\000e\000r\000\040\000K\000o\000n\000s\000t\000r\000u\000k\000t\000o\000r\000e\000n\000\040\000u\000n\000d\000\040\000D\000e\000s\000t\000r\000u\000k\000t\000o\000r\000e\000n}{section.3.2}% 14
\BOOKMARK [3][-]{subsubsection.3.2.2.1}{\376\377\0003\000.\0002\000.\0002\000.\0001\000\040\000A\000n\000k\000u\000n\000f\000t\000Z\000e\000n\000t\000r\000a\000l\000e\000R\000o\000u\000t\000i\000n\000e\000\050\000N\000o\000t\000a\000r\000z\000t\000\040\000*\000n\000o\000t\000a\000r\000z\000t\000,\000\040\000E\000v\000e\000n\000t\000L\000i\000s\000t\000\040\000*\000e\000v\000e\000n\000t\000L\000i\000s\000t\000,\000\040\000N\000o\000t\000f\000a\000l\000l\000W\000a\000r\000t\000e\000s\000c\000h\000l\000a\000n\000g\000e\000\040\000*\000n\000o\000t\000f\000a\000l\000l\000W\000a\000r\000t\000e\000s\000c\000h\000l\000a\000n\000g\000e\000\051}{subsection.3.2.2}% 15
\BOOKMARK [2][-]{subsection.3.2.3}{\376\377\0003\000.\0002\000.\0003\000\040\000D\000o\000k\000u\000m\000e\000n\000t\000a\000t\000i\000o\000n\000\040\000d\000e\000r\000\040\000E\000l\000e\000m\000e\000n\000t\000f\000u\000n\000k\000t\000i\000o\000n\000e\000n}{section.3.2}% 16
\BOOKMARK [3][-]{subsubsection.3.2.3.1}{\376\377\0003\000.\0002\000.\0003\000.\0001\000\040\000e\000x\000e\000c\000u\000t\000e\000\050\000E\000v\000e\000n\000t\000\040\000*\000e\000v\000e\000n\000t\000\051}{subsection.3.2.3}% 17
\BOOKMARK [1][-]{section.3.3}{\376\377\0003\000.\0003\000\040\000E\000n\000d\000e\000B\000e\000h\000a\000n\000d\000l\000u\000n\000g\000R\000o\000u\000t\000i\000n\000e\000\040\000K\000l\000a\000s\000s\000e\000n\000r\000e\000f\000e\000r\000e\000n\000z}{chapter.3}% 18
\BOOKMARK [2][-]{subsection.3.3.1}{\376\377\0003\000.\0003\000.\0001\000\040\000A\000u\000s\000f\000\374\000h\000r\000l\000i\000c\000h\000e\000\040\000B\000e\000s\000c\000h\000r\000e\000i\000b\000u\000n\000g}{section.3.3}% 19
\BOOKMARK [2][-]{subsection.3.3.2}{\376\377\0003\000.\0003\000.\0002\000\040\000B\000e\000s\000c\000h\000r\000e\000i\000b\000u\000n\000g\000\040\000d\000e\000r\000\040\000K\000o\000n\000s\000t\000r\000u\000k\000t\000o\000r\000e\000n\000\040\000u\000n\000d\000\040\000D\000e\000s\000t\000r\000u\000k\000t\000o\000r\000e\000n}{section.3.3}% 20
\BOOKMARK [3][-]{subsubsection.3.3.2.1}{\376\377\0003\000.\0003\000.\0002\000.\0001\000\040\000E\000n\000d\000e\000B\000e\000h\000a\000n\000d\000l\000u\000n\000g\000R\000o\000u\000t\000i\000n\000e\000\050\000N\000o\000t\000a\000r\000z\000t\000\040\000*\000n\000o\000t\000a\000r\000z\000t\000,\000\040\000E\000v\000e\000n\000t\000L\000i\000s\000t\000\040\000*\000e\000v\000e\000n\000t\000L\000i\000s\000t\000,\000\040\000N\000o\000t\000f\000a\000l\000l\000W\000a\000r\000t\000e\000s\000c\000h\000l\000a\000n\000g\000e\000\040\000*\000n\000o\000t\000f\000a\000l\000l\000W\000a\000r\000t\000e\000s\000c\000h\000l\000a\000n\000g\000e\000\051}{subsection.3.3.2}% 21
\BOOKMARK [2][-]{subsection.3.3.3}{\376\377\0003\000.\0003\000.\0003\000\040\000D\000o\000k\000u\000m\000e\000n\000t\000a\000t\000i\000o\000n\000\040\000d\000e\000r\000\040\000E\000l\000e\000m\000e\000n\000t\000f\000u\000n\000k\000t\000i\000o\000n\000e\000n}{section.3.3}% 22
\BOOKMARK [3][-]{subsubsection.3.3.3.1}{\376\377\0003\000.\0003\000.\0003\000.\0001\000\040\000e\000x\000e\000c\000u\000t\000e\000\050\000E\000v\000e\000n\000t\000\040\000*\000e\000v\000e\000n\000t\000\051}{subsection.3.3.3}% 23
\BOOKMARK [1][-]{section.3.4}{\376\377\0003\000.\0004\000\040\000E\000n\000d\000R\000o\000u\000t\000i\000n\000e\000\040\000K\000l\000a\000s\000s\000e\000n\000r\000e\000f\000e\000r\000e\000n\000z}{chapter.3}% 24
\BOOKMARK [2][-]{subsection.3.4.1}{\376\377\0003\000.\0004\000.\0001\000\040\000A\000u\000s\000f\000\374\000h\000r\000l\000i\000c\000h\000e\000\040\000B\000e\000s\000c\000h\000r\000e\000i\000b\000u\000n\000g}{section.3.4}% 25
\BOOKMARK [2][-]{subsection.3.4.2}{\376\377\0003\000.\0004\000.\0002\000\040\000D\000o\000k\000u\000m\000e\000n\000t\000a\000t\000i\000o\000n\000\040\000d\000e\000r\000\040\000E\000l\000e\000m\000e\000n\000t\000f\000u\000n\000k\000t\000i\000o\000n\000e\000n}{section.3.4}% 26
\BOOKMARK [3][-]{subsubsection.3.4.2.1}{\376\377\0003\000.\0004\000.\0002\000.\0001\000\040\000e\000x\000e\000c\000u\000t\000e\000\050\000E\000v\000e\000n\000t\000\040\000*\000e\000v\000e\000n\000t\000\051}{subsection.3.4.2}% 27
\BOOKMARK [1][-]{section.3.5}{\376\377\0003\000.\0005\000\040\000E\000v\000e\000n\000t\000\040\000K\000l\000a\000s\000s\000e\000n\000r\000e\000f\000e\000r\000e\000n\000z}{chapter.3}% 28
\BOOKMARK [2][-]{subsection.3.5.1}{\376\377\0003\000.\0005\000.\0001\000\040\000A\000u\000s\000f\000\374\000h\000r\000l\000i\000c\000h\000e\000\040\000B\000e\000s\000c\000h\000r\000e\000i\000b\000u\000n\000g}{section.3.5}% 29
\BOOKMARK [2][-]{subsection.3.5.2}{\376\377\0003\000.\0005\000.\0002\000\040\000B\000e\000s\000c\000h\000r\000e\000i\000b\000u\000n\000g\000\040\000d\000e\000r\000\040\000K\000o\000n\000s\000t\000r\000u\000k\000t\000o\000r\000e\000n\000\040\000u\000n\000d\000\040\000D\000e\000s\000t\000r\000u\000k\000t\000o\000r\000e\000n}{section.3.5}% 30
\BOOKMARK [3][-]{subsubsection.3.5.2.1}{\376\377\0003\000.\0005\000.\0002\000.\0001\000\040\000E\000v\000e\000n\000t\000\050\000i\000n\000t\000\040\000e\000x\000e\000c\000u\000t\000i\000o\000n\000T\000i\000m\000e\000,\000\040\000E\000v\000e\000n\000t\000T\000y\000p\000e\000\040\000t\000y\000p\000e\000\051}{subsection.3.5.2}% 31
\BOOKMARK [1][-]{section.3.6}{\376\377\0003\000.\0006\000\040\000E\000v\000e\000n\000t\000L\000i\000s\000t\000\040\000K\000l\000a\000s\000s\000e\000n\000r\000e\000f\000e\000r\000e\000n\000z}{chapter.3}% 32
\BOOKMARK [2][-]{subsection.3.6.1}{\376\377\0003\000.\0006\000.\0001\000\040\000A\000u\000s\000f\000\374\000h\000r\000l\000i\000c\000h\000e\000\040\000B\000e\000s\000c\000h\000r\000e\000i\000b\000u\000n\000g}{section.3.6}% 33
\BOOKMARK [2][-]{subsection.3.6.2}{\376\377\0003\000.\0006\000.\0002\000\040\000B\000e\000s\000c\000h\000r\000e\000i\000b\000u\000n\000g\000\040\000d\000e\000r\000\040\000K\000o\000n\000s\000t\000r\000u\000k\000t\000o\000r\000e\000n\000\040\000u\000n\000d\000\040\000D\000e\000s\000t\000r\000u\000k\000t\000o\000r\000e\000n}{section.3.6}% 34
\BOOKMARK [3][-]{subsubsection.3.6.2.1}{\376\377\0003\000.\0006\000.\0002\000.\0001\000\040\000E\000v\000e\000n\000t\000L\000i\000s\000t\000\050\000\051}{subsection.3.6.2}% 35
\BOOKMARK [2][-]{subsection.3.6.3}{\376\377\0003\000.\0006\000.\0003\000\040\000D\000o\000k\000u\000m\000e\000n\000t\000a\000t\000i\000o\000n\000\040\000d\000e\000r\000\040\000E\000l\000e\000m\000e\000n\000t\000f\000u\000n\000k\000t\000i\000o\000n\000e\000n}{section.3.6}% 36
\BOOKMARK [3][-]{subsubsection.3.6.3.1}{\376\377\0003\000.\0006\000.\0003\000.\0001\000\040\000a\000d\000d\000E\000v\000e\000n\000t\000\050\000E\000v\000e\000n\000t\000\040\000*\000e\000v\000e\000n\000t\000\051}{subsection.3.6.3}% 37
\BOOKMARK [3][-]{subsubsection.3.6.3.2}{\376\377\0003\000.\0006\000.\0003\000.\0002\000\040\000g\000e\000t\000N\000e\000x\000t\000E\000v\000e\000n\000t\000\050\000\051}{subsection.3.6.3}% 38
\BOOKMARK [3][-]{subsubsection.3.6.3.3}{\376\377\0003\000.\0006\000.\0003\000.\0003\000\040\000p\000o\000p\000E\000v\000e\000n\000t\000\050\000\051}{subsection.3.6.3}% 39
\BOOKMARK [3][-]{subsubsection.3.6.3.4}{\376\377\0003\000.\0006\000.\0003\000.\0004\000\040\000r\000e\000m\000o\000v\000e\000E\000v\000e\000n\000t\000B\000y\000T\000y\000p\000e\000\050\000E\000v\000e\000n\000t\000T\000y\000p\000e\000\040\000t\000y\000p\000e\000\051}{subsection.3.6.3}% 40
\BOOKMARK [1][-]{section.3.7}{\376\377\0003\000.\0007\000\040\000E\000v\000e\000n\000t\000R\000o\000u\000t\000i\000n\000e\000\040\000K\000l\000a\000s\000s\000e\000n\000r\000e\000f\000e\000r\000e\000n\000z}{chapter.3}% 41
\BOOKMARK [2][-]{subsection.3.7.1}{\376\377\0003\000.\0007\000.\0001\000\040\000A\000u\000s\000f\000\374\000h\000r\000l\000i\000c\000h\000e\000\040\000B\000e\000s\000c\000h\000r\000e\000i\000b\000u\000n\000g}{section.3.7}% 42
\BOOKMARK [2][-]{subsection.3.7.2}{\376\377\0003\000.\0007\000.\0002\000\040\000B\000e\000s\000c\000h\000r\000e\000i\000b\000u\000n\000g\000\040\000d\000e\000r\000\040\000K\000o\000n\000s\000t\000r\000u\000k\000t\000o\000r\000e\000n\000\040\000u\000n\000d\000\040\000D\000e\000s\000t\000r\000u\000k\000t\000o\000r\000e\000n}{section.3.7}% 43
\BOOKMARK [3][-]{subsubsection.3.7.2.1}{\376\377\0003\000.\0007\000.\0002\000.\0001\000\040\000E\000v\000e\000n\000t\000R\000o\000u\000t\000i\000n\000e\000\050\000E\000v\000e\000n\000t\000T\000y\000p\000e\000\040\000t\000y\000p\000e\000\051}{subsection.3.7.2}% 44
\BOOKMARK [2][-]{subsection.3.7.3}{\376\377\0003\000.\0007\000.\0003\000\040\000D\000o\000k\000u\000m\000e\000n\000t\000a\000t\000i\000o\000n\000\040\000d\000e\000r\000\040\000E\000l\000e\000m\000e\000n\000t\000f\000u\000n\000k\000t\000i\000o\000n\000e\000n}{section.3.7}% 45
\BOOKMARK [3][-]{subsubsection.3.7.3.1}{\376\377\0003\000.\0007\000.\0003\000.\0001\000\040\000e\000x\000e\000c\000u\000t\000e\000\050\000E\000v\000e\000n\000t\000\040\000*\000e\000v\000e\000n\000t\000\051\000=\0000}{subsection.3.7.3}% 46
\BOOKMARK [3][-]{subsubsection.3.7.3.2}{\376\377\0003\000.\0007\000.\0003\000.\0002\000\040\000g\000e\000t\000T\000y\000p\000e\000\050\000\051}{subsection.3.7.3}% 47
\BOOKMARK [1][-]{section.3.8}{\376\377\0003\000.\0008\000\040\000H\000i\000n\000f\000a\000h\000r\000t\000P\000a\000t\000i\000e\000n\000t\000R\000o\000u\000t\000i\000n\000e\000\040\000K\000l\000a\000s\000s\000e\000n\000r\000e\000f\000e\000r\000e\000n\000z}{chapter.3}% 48
\BOOKMARK [2][-]{subsection.3.8.1}{\376\377\0003\000.\0008\000.\0001\000\040\000A\000u\000s\000f\000\374\000h\000r\000l\000i\000c\000h\000e\000\040\000B\000e\000s\000c\000h\000r\000e\000i\000b\000u\000n\000g}{section.3.8}% 49
\BOOKMARK [2][-]{subsection.3.8.2}{\376\377\0003\000.\0008\000.\0002\000\040\000B\000e\000s\000c\000h\000r\000e\000i\000b\000u\000n\000g\000\040\000d\000e\000r\000\040\000K\000o\000n\000s\000t\000r\000u\000k\000t\000o\000r\000e\000n\000\040\000u\000n\000d\000\040\000D\000e\000s\000t\000r\000u\000k\000t\000o\000r\000e\000n}{section.3.8}% 50
\BOOKMARK [3][-]{subsubsection.3.8.2.1}{\376\377\0003\000.\0008\000.\0002\000.\0001\000\040\000H\000i\000n\000f\000a\000h\000r\000t\000P\000a\000t\000i\000e\000n\000t\000R\000o\000u\000t\000i\000n\000e\000\050\000N\000o\000t\000a\000r\000z\000t\000\040\000*\000n\000o\000t\000a\000r\000z\000t\000,\000\040\000E\000v\000e\000n\000t\000L\000i\000s\000t\000\040\000*\000e\000v\000e\000n\000t\000L\000i\000s\000t\000,\000\040\000N\000o\000t\000f\000a\000l\000l\000W\000a\000r\000t\000e\000s\000c\000h\000l\000a\000n\000g\000e\000\040\000*\000n\000o\000t\000f\000a\000l\000l\000W\000a\000r\000t\000e\000s\000c\000h\000l\000a\000n\000g\000e\000,\000\040\000Z\000u\000f\000a\000l\000l\000\040\000*\000r\000a\000n\000d\000o\000m\000G\000e\000n\000e\000r\000a\000t\000o\000r\000\051}{subsection.3.8.2}% 51
\BOOKMARK [2][-]{subsection.3.8.3}{\376\377\0003\000.\0008\000.\0003\000\040\000D\000o\000k\000u\000m\000e\000n\000t\000a\000t\000i\000o\000n\000\040\000d\000e\000r\000\040\000E\000l\000e\000m\000e\000n\000t\000f\000u\000n\000k\000t\000i\000o\000n\000e\000n}{section.3.8}% 52
\BOOKMARK [3][-]{subsubsection.3.8.3.1}{\376\377\0003\000.\0008\000.\0003\000.\0001\000\040\000e\000x\000e\000c\000u\000t\000e\000\050\000E\000v\000e\000n\000t\000\040\000*\000e\000v\000e\000n\000t\000\051}{subsection.3.8.3}% 53
\BOOKMARK [1][-]{section.3.9}{\376\377\0003\000.\0009\000\040\000N\000e\000u\000e\000r\000N\000o\000t\000r\000u\000f\000R\000o\000u\000t\000i\000n\000e\000\040\000K\000l\000a\000s\000s\000e\000n\000r\000e\000f\000e\000r\000e\000n\000z}{chapter.3}% 54
\BOOKMARK [2][-]{subsection.3.9.1}{\376\377\0003\000.\0009\000.\0001\000\040\000A\000u\000s\000f\000\374\000h\000r\000l\000i\000c\000h\000e\000\040\000B\000e\000s\000c\000h\000r\000e\000i\000b\000u\000n\000g}{section.3.9}% 55
\BOOKMARK [2][-]{subsection.3.9.2}{\376\377\0003\000.\0009\000.\0002\000\040\000B\000e\000s\000c\000h\000r\000e\000i\000b\000u\000n\000g\000\040\000d\000e\000r\000\040\000K\000o\000n\000s\000t\000r\000u\000k\000t\000o\000r\000e\000n\000\040\000u\000n\000d\000\040\000D\000e\000s\000t\000r\000u\000k\000t\000o\000r\000e\000n}{section.3.9}% 56
\BOOKMARK [3][-]{subsubsection.3.9.2.1}{\376\377\0003\000.\0009\000.\0002\000.\0001\000\040\000N\000e\000u\000e\000r\000N\000o\000t\000r\000u\000f\000R\000o\000u\000t\000i\000n\000e\000\050\000N\000o\000t\000f\000a\000l\000l\000W\000a\000r\000t\000e\000s\000c\000h\000l\000a\000n\000g\000e\000\040\000*\000n\000,\000\040\000N\000o\000t\000a\000r\000z\000t\000\040\000*\000a\000r\000z\000t\000,\000\040\000E\000v\000e\000n\000t\000L\000i\000s\000t\000\040\000*\000e\000L\000i\000s\000t\000,\000\040\000Z\000u\000f\000a\000l\000l\000\040\000*\000r\000a\000n\000d\000o\000m\000G\000e\000n\000\051}{subsection.3.9.2}% 57
\BOOKMARK [2][-]{subsection.3.9.3}{\376\377\0003\000.\0009\000.\0003\000\040\000D\000o\000k\000u\000m\000e\000n\000t\000a\000t\000i\000o\000n\000\040\000d\000e\000r\000\040\000E\000l\000e\000m\000e\000n\000t\000f\000u\000n\000k\000t\000i\000o\000n\000e\000n}{section.3.9}% 58
\BOOKMARK [3][-]{subsubsection.3.9.3.1}{\376\377\0003\000.\0009\000.\0003\000.\0001\000\040\000e\000x\000e\000c\000u\000t\000e\000\050\000E\000v\000e\000n\000t\000\040\000*\000e\000v\000e\000n\000t\000\051}{subsection.3.9.3}% 59
\BOOKMARK [1][-]{section.3.10}{\376\377\0003\000.\0001\0000\000\040\000N\000o\000t\000a\000r\000z\000t\000\040\000K\000l\000a\000s\000s\000e\000n\000r\000e\000f\000e\000r\000e\000n\000z}{chapter.3}% 60
\BOOKMARK [2][-]{subsection.3.10.1}{\376\377\0003\000.\0001\0000\000.\0001\000\040\000A\000u\000s\000f\000\374\000h\000r\000l\000i\000c\000h\000e\000\040\000B\000e\000s\000c\000h\000r\000e\000i\000b\000u\000n\000g}{section.3.10}% 61
\BOOKMARK [2][-]{subsection.3.10.2}{\376\377\0003\000.\0001\0000\000.\0002\000\040\000B\000e\000s\000c\000h\000r\000e\000i\000b\000u\000n\000g\000\040\000d\000e\000r\000\040\000K\000o\000n\000s\000t\000r\000u\000k\000t\000o\000r\000e\000n\000\040\000u\000n\000d\000\040\000D\000e\000s\000t\000r\000u\000k\000t\000o\000r\000e\000n}{section.3.10}% 62
\BOOKMARK [3][-]{subsubsection.3.10.2.1}{\376\377\0003\000.\0001\0000\000.\0002\000.\0001\000\040\000N\000o\000t\000a\000r\000z\000t\000\050\000N\000o\000t\000a\000r\000z\000t\000S\000t\000a\000t\000e\000s\000\040\000s\000t\000a\000t\000e\000,\000\040\000i\000n\000t\000\040\000p\000l\000a\000c\000e\000\051}{subsection.3.10.2}% 63
\BOOKMARK [2][-]{subsection.3.10.3}{\376\377\0003\000.\0001\0000\000.\0003\000\040\000D\000o\000k\000u\000m\000e\000n\000t\000a\000t\000i\000o\000n\000\040\000d\000e\000r\000\040\000E\000l\000e\000m\000e\000n\000t\000f\000u\000n\000k\000t\000i\000o\000n\000e\000n}{section.3.10}% 64
\BOOKMARK [3][-]{subsubsection.3.10.3.1}{\376\377\0003\000.\0001\0000\000.\0003\000.\0001\000\040\000g\000e\000t\000S\000t\000a\000t\000e\000\050\000\051}{subsection.3.10.3}% 65
\BOOKMARK [1][-]{section.3.11}{\376\377\0003\000.\0001\0001\000\040\000N\000o\000t\000f\000a\000l\000l\000\040\000K\000l\000a\000s\000s\000e\000n\000r\000e\000f\000e\000r\000e\000n\000z}{chapter.3}% 66
\BOOKMARK [2][-]{subsection.3.11.1}{\376\377\0003\000.\0001\0001\000.\0001\000\040\000A\000u\000s\000f\000\374\000h\000r\000l\000i\000c\000h\000e\000\040\000B\000e\000s\000c\000h\000r\000e\000i\000b\000u\000n\000g}{section.3.11}% 67
\BOOKMARK [2][-]{subsection.3.11.2}{\376\377\0003\000.\0001\0001\000.\0002\000\040\000B\000e\000s\000c\000h\000r\000e\000i\000b\000u\000n\000g\000\040\000d\000e\000r\000\040\000K\000o\000n\000s\000t\000r\000u\000k\000t\000o\000r\000e\000n\000\040\000u\000n\000d\000\040\000D\000e\000s\000t\000r\000u\000k\000t\000o\000r\000e\000n}{section.3.11}% 68
\BOOKMARK [3][-]{subsubsection.3.11.2.1}{\376\377\0003\000.\0001\0001\000.\0002\000.\0001\000\040\000N\000o\000t\000f\000a\000l\000l\000\050\000i\000n\000t\000\040\000c\000a\000l\000l\000T\000i\000m\000e\000,\000\040\000i\000n\000t\000\040\000p\000r\000i\000o\000,\000\040\000i\000n\000t\000\040\000t\000r\000e\000a\000t\000m\000e\000n\000t\000D\000u\000r\000a\000t\000i\000o\000n\000,\000\040\000i\000n\000t\000\040\000p\000l\000a\000c\000e\000\051}{subsection.3.11.2}% 69
\BOOKMARK [2][-]{subsection.3.11.3}{\376\377\0003\000.\0001\0001\000.\0003\000\040\000D\000o\000k\000u\000m\000e\000n\000t\000a\000t\000i\000o\000n\000\040\000d\000e\000r\000\040\000E\000l\000e\000m\000e\000n\000t\000f\000u\000n\000k\000t\000i\000o\000n\000e\000n}{section.3.11}% 70
\BOOKMARK [3][-]{subsubsection.3.11.3.1}{\376\377\0003\000.\0001\0001\000.\0003\000.\0001\000\040\000g\000e\000t\000S\000t\000a\000t\000e\000\050\000\051}{subsection.3.11.3}% 71
\BOOKMARK [1][-]{section.3.12}{\376\377\0003\000.\0001\0002\000\040\000N\000o\000t\000f\000a\000l\000l\000W\000a\000r\000t\000e\000s\000c\000h\000l\000a\000n\000g\000e\000\040\000K\000l\000a\000s\000s\000e\000n\000r\000e\000f\000e\000r\000e\000n\000z}{chapter.3}% 72
\BOOKMARK [2][-]{subsection.3.12.1}{\376\377\0003\000.\0001\0002\000.\0001\000\040\000A\000u\000s\000f\000\374\000h\000r\000l\000i\000c\000h\000e\000\040\000B\000e\000s\000c\000h\000r\000e\000i\000b\000u\000n\000g}{section.3.12}% 73
\BOOKMARK [2][-]{subsection.3.12.2}{\376\377\0003\000.\0001\0002\000.\0002\000\040\000B\000e\000s\000c\000h\000r\000e\000i\000b\000u\000n\000g\000\040\000d\000e\000r\000\040\000K\000o\000n\000s\000t\000r\000u\000k\000t\000o\000r\000e\000n\000\040\000u\000n\000d\000\040\000D\000e\000s\000t\000r\000u\000k\000t\000o\000r\000e\000n}{section.3.12}% 74
\BOOKMARK [3][-]{subsubsection.3.12.2.1}{\376\377\0003\000.\0001\0002\000.\0002\000.\0001\000\040\000N\000o\000t\000f\000a\000l\000l\000W\000a\000r\000t\000e\000s\000c\000h\000l\000a\000n\000g\000e\000\050\000S\000t\000a\000t\000e\000S\000t\000o\000r\000a\000g\000e\000\040\000*\000s\000t\000o\000r\000a\000g\000e\000\051}{subsection.3.12.2}% 75
\BOOKMARK [2][-]{subsection.3.12.3}{\376\377\0003\000.\0001\0002\000.\0003\000\040\000D\000o\000k\000u\000m\000e\000n\000t\000a\000t\000i\000o\000n\000\040\000d\000e\000r\000\040\000E\000l\000e\000m\000e\000n\000t\000f\000u\000n\000k\000t\000i\000o\000n\000e\000n}{section.3.12}% 76
\BOOKMARK [3][-]{subsubsection.3.12.3.1}{\376\377\0003\000.\0001\0002\000.\0003\000.\0001\000\040\000a\000d\000d\000\050\000N\000o\000t\000f\000a\000l\000l\000\040\000*\000n\000o\000t\000f\000a\000l\000l\000\051}{subsection.3.12.3}% 77
\BOOKMARK [3][-]{subsubsection.3.12.3.2}{\376\377\0003\000.\0001\0002\000.\0003\000.\0002\000\040\000f\000r\000o\000n\000t\000\050\000\051}{subsection.3.12.3}% 78
\BOOKMARK [3][-]{subsubsection.3.12.3.3}{\376\377\0003\000.\0001\0002\000.\0003\000.\0003\000\040\000p\000o\000p\000\050\000\051}{subsection.3.12.3}% 79
\BOOKMARK [1][-]{section.3.13}{\376\377\0003\000.\0001\0003\000\040\000R\000u\000e\000c\000k\000f\000a\000h\000r\000t\000R\000o\000u\000t\000i\000n\000e\000\040\000K\000l\000a\000s\000s\000e\000n\000r\000e\000f\000e\000r\000e\000n\000z}{chapter.3}% 80
\BOOKMARK [2][-]{subsection.3.13.1}{\376\377\0003\000.\0001\0003\000.\0001\000\040\000A\000u\000s\000f\000\374\000h\000r\000l\000i\000c\000h\000e\000\040\000B\000e\000s\000c\000h\000r\000e\000i\000b\000u\000n\000g}{section.3.13}% 81
\BOOKMARK [2][-]{subsection.3.13.2}{\376\377\0003\000.\0001\0003\000.\0002\000\040\000B\000e\000s\000c\000h\000r\000e\000i\000b\000u\000n\000g\000\040\000d\000e\000r\000\040\000K\000o\000n\000s\000t\000r\000u\000k\000t\000o\000r\000e\000n\000\040\000u\000n\000d\000\040\000D\000e\000s\000t\000r\000u\000k\000t\000o\000r\000e\000n}{section.3.13}% 82
\BOOKMARK [3][-]{subsubsection.3.13.2.1}{\376\377\0003\000.\0001\0003\000.\0002\000.\0001\000\040\000R\000u\000e\000c\000k\000f\000a\000h\000r\000t\000R\000o\000u\000t\000i\000n\000e\000\050\000N\000o\000t\000a\000r\000z\000t\000\040\000*\000n\000o\000t\000a\000r\000z\000t\000,\000\040\000E\000v\000e\000n\000t\000L\000i\000s\000t\000\040\000*\000e\000v\000e\000n\000t\000L\000i\000s\000t\000,\000\040\000Z\000u\000f\000a\000l\000l\000\040\000*\000r\000a\000n\000d\000o\000m\000G\000e\000n\000e\000r\000a\000t\000o\000r\000\051}{subsection.3.13.2}% 83
\BOOKMARK [2][-]{subsection.3.13.3}{\376\377\0003\000.\0001\0003\000.\0003\000\040\000D\000o\000k\000u\000m\000e\000n\000t\000a\000t\000i\000o\000n\000\040\000d\000e\000r\000\040\000E\000l\000e\000m\000e\000n\000t\000f\000u\000n\000k\000t\000i\000o\000n\000e\000n}{section.3.13}% 84
\BOOKMARK [3][-]{subsubsection.3.13.3.1}{\376\377\0003\000.\0001\0003\000.\0003\000.\0001\000\040\000e\000x\000e\000c\000u\000t\000e\000\050\000E\000v\000e\000n\000t\000\040\000*\000e\000v\000e\000n\000t\000\051}{subsection.3.13.3}% 85
\BOOKMARK [1][-]{section.3.14}{\376\377\0003\000.\0001\0004\000\040\000S\000i\000m\000O\000b\000j\000e\000c\000t\000\040\000K\000l\000a\000s\000s\000e\000n\000r\000e\000f\000e\000r\000e\000n\000z}{chapter.3}% 86
\BOOKMARK [2][-]{subsection.3.14.1}{\376\377\0003\000.\0001\0004\000.\0001\000\040\000A\000u\000s\000f\000\374\000h\000r\000l\000i\000c\000h\000e\000\040\000B\000e\000s\000c\000h\000r\000e\000i\000b\000u\000n\000g}{section.3.14}% 87
\BOOKMARK [2][-]{subsection.3.14.2}{\376\377\0003\000.\0001\0004\000.\0002\000\040\000D\000o\000k\000u\000m\000e\000n\000t\000a\000t\000i\000o\000n\000\040\000d\000e\000r\000\040\000E\000l\000e\000m\000e\000n\000t\000f\000u\000n\000k\000t\000i\000o\000n\000e\000n}{section.3.14}% 88
\BOOKMARK [3][-]{subsubsection.3.14.2.1}{\376\377\0003\000.\0001\0004\000.\0002\000.\0001\000\040\000g\000e\000t\000S\000t\000a\000t\000e\000\050\000\051\000=\0000}{subsection.3.14.2}% 89
\BOOKMARK [1][-]{section.3.15}{\376\377\0003\000.\0001\0005\000\040\000S\000i\000m\000u\000l\000a\000t\000i\000o\000n\000M\000a\000n\000a\000g\000e\000r\000\040\000K\000l\000a\000s\000s\000e\000n\000r\000e\000f\000e\000r\000e\000n\000z}{chapter.3}% 90
\BOOKMARK [2][-]{subsection.3.15.1}{\376\377\0003\000.\0001\0005\000.\0001\000\040\000A\000u\000s\000f\000\374\000h\000r\000l\000i\000c\000h\000e\000\040\000B\000e\000s\000c\000h\000r\000e\000i\000b\000u\000n\000g}{section.3.15}% 91
\BOOKMARK [2][-]{subsection.3.15.2}{\376\377\0003\000.\0001\0005\000.\0002\000\040\000B\000e\000s\000c\000h\000r\000e\000i\000b\000u\000n\000g\000\040\000d\000e\000r\000\040\000K\000o\000n\000s\000t\000r\000u\000k\000t\000o\000r\000e\000n\000\040\000u\000n\000d\000\040\000D\000e\000s\000t\000r\000u\000k\000t\000o\000r\000e\000n}{section.3.15}% 92
\BOOKMARK [3][-]{subsubsection.3.15.2.1}{\376\377\0003\000.\0001\0005\000.\0002\000.\0001\000\040\000S\000i\000m\000u\000l\000a\000t\000i\000o\000n\000M\000a\000n\000a\000g\000e\000r\000\050\000E\000v\000e\000n\000t\000L\000i\000s\000t\000\040\000*\000e\000L\000i\000s\000t\000,\000\040\000E\000v\000e\000n\000t\000R\000o\000u\000t\000i\000n\000e\000\040\000*\000r\000o\000L\000i\000s\000t\000[\000]\000,\000\040\000i\000n\000t\000\040\000n\000u\000m\000R\000o\000u\000t\000i\000n\000e\000s\000,\000\040\000S\000t\000a\000t\000e\000S\000t\000o\000r\000a\000g\000e\000\040\000*\000s\000t\000o\000r\000a\000g\000e\000\051}{subsection.3.15.2}% 93
\BOOKMARK [1][-]{section.3.16}{\376\377\0003\000.\0001\0006\000\040\000S\000t\000a\000t\000e\000S\000t\000o\000r\000a\000g\000e\000\040\000K\000l\000a\000s\000s\000e\000n\000r\000e\000f\000e\000r\000e\000n\000z}{chapter.3}% 94
\BOOKMARK [1][-]{section.3.17}{\376\377\0003\000.\0001\0007\000\040\000Z\000u\000f\000a\000l\000l\000\040\000K\000l\000a\000s\000s\000e\000n\000r\000e\000f\000e\000r\000e\000n\000z}{chapter.3}% 95
\BOOKMARK [0][-]{section*.31}{\376\377\000I\000n\000d\000e\000x}{}% 96
